2024-10-12T23:26:52 (asr2.sh:288:main) ./asr2.sh --stage 13 --stop_stage 13 --kmeans_opts --batch_bins 600000 --nj 4 --kmeans_feature wavlm_large/21 --nclusters 2000 --ngpu 1 --src_lang wavlm_large_21_km2000 --tgt_lang en --src_token_type bpe --src_nbpe 6000 --tgt_token_type bpe --tgt_nbpe 5000 --src_case rm --tgt_case ts --speed_perturb_factors 0.9 1.0 1.1 --use_lm false --asr_config conf/train_discrete_asr_e_branchformer1_noctc_1gpu.yaml --inference_config conf/decode_ctc0.3.yaml --train_set train_clean_100 --valid_set dev --test_sets test_clean test_other dev_clean dev_other --src_bpe_train_text dump/raw/train_clean_100_sp/text.rm.wavlm_large_21_km2000 --tgt_bpe_train_text dump/raw/train_clean_100_sp/text.ts.en --lm_train_text dump/raw/train_clean_100_sp/text.ts.en
2024-10-12T23:26:52 (asr2.sh:625:main) Skipped stages:  8 9 10 11 16 17 
2024-10-12T23:26:52 (asr2.sh:1420:main) Stage 13: ASR Training: train_set=dump/raw/train_clean_100_sp, valid_set=dump/raw/dev
2024-10-12T23:26:52 (asr2.sh:1463:main) Generate 'exp/asr_train_discrete_asr_e_branchformer1_noctc_1gpu_raw_wavlm_large_21_km2000_bpe_rm6000_bpe_ts5000_sp/run.sh'. You can resume the process from stage 13 using this script
2024-10-12T23:26:52 (asr2.sh:1467:main) ASR training started... log: 'exp/asr_train_discrete_asr_e_branchformer1_noctc_1gpu_raw_wavlm_large_21_km2000_bpe_rm6000_bpe_ts5000_sp/train.log'
2024-10-12 23:26:52,590 (launch:94) INFO: /data/mohan/anaconda3/envs/espnet/bin/python3 /data/mohan/workdir/espnet/espnet2/bin/launch.py --cmd 'run.pl --name exp/asr_train_discrete_asr_e_branchformer1_noctc_1gpu_raw_wavlm_large_21_km2000_bpe_rm6000_bpe_ts5000_sp/train.log' --log exp/asr_train_discrete_asr_e_branchformer1_noctc_1gpu_raw_wavlm_large_21_km2000_bpe_rm6000_bpe_ts5000_sp/train.log --ngpu 1 --num_nodes 1 --init_file_prefix exp/asr_train_discrete_asr_e_branchformer1_noctc_1gpu_raw_wavlm_large_21_km2000_bpe_rm6000_bpe_ts5000_sp/.dimt_init_ --multiprocessing_distributed true -- python3 -m espnet2.bin.mt_train --use_preprocessor true --bpemodel data/token_list/tgt_bpe_unigram5000_ts_en/bpe.model --token_type bpe --token_list data/token_list/tgt_bpe_unigram5000_ts_en/tokens.txt --src_bpemodel data/token_list/src_bpe_unigram6000_rm_wavlm_large_21_km2000/bpe.model --src_token_type bpe --src_token_list data/token_list/src_bpe_unigram6000_rm_wavlm_large_21_km2000/tokens.txt --non_linguistic_symbols none --cleaner none --g2p none --valid_data_path_and_name_and_type dump/raw/dev/text.ts.en,text,text --valid_data_path_and_name_and_type dump/raw/dev/text.rm.wavlm_large_21_km2000,src_text,text --valid_shape_file exp/asr_stats_raw_rm_wavlm_large_21_km2000_bpe6000_bpe5000_sp/valid/text_shape.bpe --valid_shape_file exp/asr_stats_raw_rm_wavlm_large_21_km2000_bpe6000_bpe5000_sp/valid/src_text_shape.bpe --resume true --ignore_init_mismatch false --fold_length 150 --fold_length 150 --output_dir exp/asr_train_discrete_asr_e_branchformer1_noctc_1gpu_raw_wavlm_large_21_km2000_bpe_rm6000_bpe_ts5000_sp --config conf/train_discrete_asr_e_branchformer1_noctc_1gpu.yaml --train_data_path_and_name_and_type dump/raw/train_clean_100_sp/text.rm.wavlm_large_21_km2000,src_text,text --train_data_path_and_name_and_type dump/raw/train_clean_100_sp/text.ts.en,text,text --train_shape_file exp/asr_stats_raw_rm_wavlm_large_21_km2000_bpe6000_bpe5000_sp/train/src_text_shape.bpe --train_shape_file exp/asr_stats_raw_rm_wavlm_large_21_km2000_bpe6000_bpe5000_sp/train/text_shape.bpe
2024-10-12 23:26:52,606 (launch:348) INFO: log file: exp/asr_train_discrete_asr_e_branchformer1_noctc_1gpu_raw_wavlm_large_21_km2000_bpe_rm6000_bpe_ts5000_sp/train.log
Traceback (most recent call last):
  File "/data/mohan/anaconda3/envs/espnet/lib/python3.10/runpy.py", line 196, in _run_module_as_main
    return _run_code(code, main_globals, None,
  File "/data/mohan/anaconda3/envs/espnet/lib/python3.10/runpy.py", line 86, in _run_code
    exec(code, run_globals)
  File "/data/mohan/workdir/espnet/espnet2/bin/launch.py", line 384, in <module>
    main()
  File "/data/mohan/workdir/espnet/espnet2/bin/launch.py", line 358, in main
    process.wait(0.5)
  File "/data/mohan/anaconda3/envs/espnet/lib/python3.10/subprocess.py", line 1209, in wait
    return self._wait(timeout=timeout)
  File "/data/mohan/anaconda3/envs/espnet/lib/python3.10/subprocess.py", line 1953, in _wait
    time.sleep(delay)
KeyboardInterrupt
2024-10-12T23:27:08 (asr2.sh:288:main) ./asr2.sh --stage 13 --stop_stage 13 --kmeans_opts --batch_bins 600000 --nj 4 --kmeans_feature wavlm_large/21 --nclusters 2000 --ngpu 1 --src_lang wavlm_large_21_km2000 --tgt_lang en --src_token_type bpe --src_nbpe 6000 --tgt_token_type bpe --tgt_nbpe 5000 --src_case rm --tgt_case ts --speed_perturb_factors 0.9 1.0 1.1 --use_lm false --asr_config conf/train_discrete_asr_e_branchformer1_noctc_1gpu.yaml --inference_config conf/decode_ctc0.3.yaml --train_set train_clean_100 --valid_set dev --test_sets test_clean test_other dev_clean dev_other --src_bpe_train_text dump/raw/train_clean_100_sp/text.rm.wavlm_large_21_km2000 --tgt_bpe_train_text dump/raw/train_clean_100_sp/text.ts.en --lm_train_text dump/raw/train_clean_100_sp/text.ts.en
2024-10-12T23:27:08 (asr2.sh:625:main) Skipped stages:  8 9 10 11 16 17 
2024-10-12T23:27:08 (asr2.sh:1420:main) Stage 13: ASR Training: train_set=dump/raw/train_clean_100_sp, valid_set=dump/raw/dev
2024-10-12T23:27:08 (asr2.sh:1463:main) Generate 'exp/asr_train_discrete_asr_e_branchformer1_noctc_1gpu_raw_wavlm_large_21_km2000_bpe_rm6000_bpe_ts5000_sp/run.sh'. You can resume the process from stage 13 using this script
2024-10-12T23:27:08 (asr2.sh:1467:main) ASR training started... log: 'exp/asr_train_discrete_asr_e_branchformer1_noctc_1gpu_raw_wavlm_large_21_km2000_bpe_rm6000_bpe_ts5000_sp/train.log'
2024-10-12 23:27:08,888 (launch:94) INFO: /data/mohan/anaconda3/envs/espnet/bin/python3 /data/mohan/workdir/espnet/espnet2/bin/launch.py --cmd 'run.pl --name exp/asr_train_discrete_asr_e_branchformer1_noctc_1gpu_raw_wavlm_large_21_km2000_bpe_rm6000_bpe_ts5000_sp/train.log' --log exp/asr_train_discrete_asr_e_branchformer1_noctc_1gpu_raw_wavlm_large_21_km2000_bpe_rm6000_bpe_ts5000_sp/train.log --ngpu 1 --num_nodes 1 --init_file_prefix exp/asr_train_discrete_asr_e_branchformer1_noctc_1gpu_raw_wavlm_large_21_km2000_bpe_rm6000_bpe_ts5000_sp/.dimt_init_ --multiprocessing_distributed true -- python3 -m espnet2.bin.mt_train --use_preprocessor true --bpemodel data/token_list/tgt_bpe_unigram5000_ts_en/bpe.model --token_type bpe --token_list data/token_list/tgt_bpe_unigram5000_ts_en/tokens.txt --src_bpemodel data/token_list/src_bpe_unigram6000_rm_wavlm_large_21_km2000/bpe.model --src_token_type bpe --src_token_list data/token_list/src_bpe_unigram6000_rm_wavlm_large_21_km2000/tokens.txt --non_linguistic_symbols none --cleaner none --g2p none --valid_data_path_and_name_and_type dump/raw/dev/text.ts.en,text,text --valid_data_path_and_name_and_type dump/raw/dev/text.rm.wavlm_large_21_km2000,src_text,text --valid_shape_file exp/asr_stats_raw_rm_wavlm_large_21_km2000_bpe6000_bpe5000_sp/valid/text_shape.bpe --valid_shape_file exp/asr_stats_raw_rm_wavlm_large_21_km2000_bpe6000_bpe5000_sp/valid/src_text_shape.bpe --resume true --ignore_init_mismatch false --fold_length 150 --fold_length 150 --output_dir exp/asr_train_discrete_asr_e_branchformer1_noctc_1gpu_raw_wavlm_large_21_km2000_bpe_rm6000_bpe_ts5000_sp --config conf/train_discrete_asr_e_branchformer1_noctc_1gpu.yaml --train_data_path_and_name_and_type dump/raw/train_clean_100_sp/text.rm.wavlm_large_21_km2000,src_text,text --train_data_path_and_name_and_type dump/raw/train_clean_100_sp/text.ts.en,text,text --train_shape_file exp/asr_stats_raw_rm_wavlm_large_21_km2000_bpe6000_bpe5000_sp/train/src_text_shape.bpe --train_shape_file exp/asr_stats_raw_rm_wavlm_large_21_km2000_bpe6000_bpe5000_sp/train/text_shape.bpe
2024-10-12 23:27:08,902 (launch:348) INFO: log file: exp/asr_train_discrete_asr_e_branchformer1_noctc_1gpu_raw_wavlm_large_21_km2000_bpe_rm6000_bpe_ts5000_sp/train.log
2024-10-13T07:04:40 (asr2.sh:1782:main) Successfully finished. [elapsed=27452s]
2024-10-13T13:31:47 (asr2.sh:288:main) ./asr2.sh --stage 14 --stop_stage 14 --kmeans_opts --batch_bins 600000 --nj 4 --kmeans_feature wavlm_large/21 --nclusters 2000 --ngpu 1 --src_lang wavlm_large_21_km2000 --tgt_lang en --src_token_type bpe --src_nbpe 6000 --tgt_token_type bpe --tgt_nbpe 5000 --src_case rm --tgt_case ts --speed_perturb_factors 0.9 1.0 1.1 --use_lm false --asr_config conf/train_discrete_asr_e_branchformer1_noctc_1gpu.yaml --inference_config conf/decode_ctc0.0.yaml --train_set train_clean_100 --valid_set dev --test_sets test_clean test_other dev_clean dev_other --src_bpe_train_text dump/raw/train_clean_100_sp/text.rm.wavlm_large_21_km2000 --tgt_bpe_train_text dump/raw/train_clean_100_sp/text.ts.en --lm_train_text dump/raw/train_clean_100_sp/text.ts.en
2024-10-13T13:31:47 (asr2.sh:625:main) Skipped stages:  8 9 10 11 16 17 
2024-10-13T13:31:47 (asr2.sh:1542:main) Stage 14: Decoding: training_dir=exp/asr_train_discrete_asr_e_branchformer1_noctc_1gpu_raw_wavlm_large_21_km2000_bpe_rm6000_bpe_ts5000_sp
2024-10-13T13:31:47 (asr2.sh:1570:main) Generate 'exp/asr_train_discrete_asr_e_branchformer1_noctc_1gpu_raw_wavlm_large_21_km2000_bpe_rm6000_bpe_ts5000_sp/decode_ctc0.0_asr_model_valid.acc.ave/run.sh'. You can resume the process from stage 14 using this script
2024-10-13T13:31:47 (asr2.sh:1599:main) Decoding started... log: 'exp/asr_train_discrete_asr_e_branchformer1_noctc_1gpu_raw_wavlm_large_21_km2000_bpe_rm6000_bpe_ts5000_sp/decode_ctc0.0_asr_model_valid.acc.ave/test_clean/logdir/asr_inference.*.log'
2024-10-13T14:04:26 (asr2.sh:1599:main) Decoding started... log: 'exp/asr_train_discrete_asr_e_branchformer1_noctc_1gpu_raw_wavlm_large_21_km2000_bpe_rm6000_bpe_ts5000_sp/decode_ctc0.0_asr_model_valid.acc.ave/test_other/logdir/asr_inference.*.log'
2024-10-13T14:35:57 (asr2.sh:1599:main) Decoding started... log: 'exp/asr_train_discrete_asr_e_branchformer1_noctc_1gpu_raw_wavlm_large_21_km2000_bpe_rm6000_bpe_ts5000_sp/decode_ctc0.0_asr_model_valid.acc.ave/dev_clean/logdir/asr_inference.*.log'
2024-10-13T15:16:15 (asr2.sh:1599:main) Decoding started... log: 'exp/asr_train_discrete_asr_e_branchformer1_noctc_1gpu_raw_wavlm_large_21_km2000_bpe_rm6000_bpe_ts5000_sp/decode_ctc0.0_asr_model_valid.acc.ave/dev_other/logdir/asr_inference.*.log'
2024-10-13T16:09:44 (asr2.sh:1782:main) Successfully finished. [elapsed=9477s]
